{"email":"test@test.com","eventType":"LOGIN_FAILURE","ip":"::1","level":"warn","message":"LOGIN_FAILURE","reason":"User not found","service":"lapaas-security","timestamp":"2025-11-30T12:24:54.319Z"}
{"eventType":"PERMISSION_DENIED","ip":"::1","level":"warn","message":"PERMISSION_DENIED","method":"POST","path":"/api/v1/auth/login","service":"lapaas-security","timestamp":"2025-11-30T12:24:54.319Z"}
{"email":"bruteforce-test-1764505494342@test.com","eventType":"LOGIN_FAILURE","ip":"::1","level":"warn","message":"LOGIN_FAILURE","reason":"User not found","service":"lapaas-security","timestamp":"2025-11-30T12:24:54.343Z"}
{"eventType":"PERMISSION_DENIED","ip":"::1","level":"warn","message":"PERMISSION_DENIED","method":"POST","path":"/api/v1/auth/login","service":"lapaas-security","timestamp":"2025-11-30T12:24:54.343Z"}
{"email":"bruteforce-test-1764505494343@test.com","eventType":"LOGIN_FAILURE","ip":"::1","level":"warn","message":"LOGIN_FAILURE","reason":"User not found","service":"lapaas-security","timestamp":"2025-11-30T12:24:54.344Z"}
{"eventType":"PERMISSION_DENIED","ip":"::1","level":"warn","message":"PERMISSION_DENIED","method":"POST","path":"/api/v1/auth/login","service":"lapaas-security","timestamp":"2025-11-30T12:24:54.344Z"}
{"email":"bruteforce-test-1764505494344@test.com","eventType":"LOGIN_FAILURE","ip":"::1","level":"warn","message":"LOGIN_FAILURE","reason":"User not found","service":"lapaas-security","timestamp":"2025-11-30T12:24:54.345Z"}
{"eventType":"PERMISSION_DENIED","ip":"::1","level":"warn","message":"PERMISSION_DENIED","method":"POST","path":"/api/v1/auth/login","service":"lapaas-security","timestamp":"2025-11-30T12:24:54.345Z"}
{"email":"bruteforce-test-1764505494345@test.com","eventType":"LOGIN_FAILURE","ip":"::1","level":"warn","message":"LOGIN_FAILURE","reason":"User not found","service":"lapaas-security","timestamp":"2025-11-30T12:24:54.346Z"}
{"eventType":"PERMISSION_DENIED","ip":"::1","level":"warn","message":"PERMISSION_DENIED","method":"POST","path":"/api/v1/auth/login","service":"lapaas-security","timestamp":"2025-11-30T12:24:54.346Z"}
{"eventType":"PERMISSION_DENIED","ip":"::1","level":"warn","message":"PERMISSION_DENIED","method":"GET","path":"/api/v1/security/settings","service":"lapaas-security","timestamp":"2025-11-30T12:25:19.263Z"}
{"eventType":"PERMISSION_DENIED","ip":"::1","level":"warn","message":"PERMISSION_DENIED","method":"GET","path":"/api/v1/security/2fa/setup","service":"lapaas-security","timestamp":"2025-11-30T12:25:19.266Z"}
{"email":"admin@lapaas.com","eventType":"LOGIN_SUCCESS","ip":"::1","level":"info","message":"LOGIN_SUCCESS","service":"lapaas-security","timestamp":"2025-11-30T12:26:08.559Z","twoFactorUsed":false,"userId":"user-001"}
{"email":"admin@lapaas.com","eventType":"LOGIN_SUCCESS","ip":"::1","level":"info","message":"LOGIN_SUCCESS","service":"lapaas-security","timestamp":"2025-11-30T12:26:15.753Z","twoFactorUsed":false,"userId":"user-001"}
{"email":"admin@lapaas.com","eventType":"LOGIN_SUCCESS","ip":"::1","level":"info","message":"LOGIN_SUCCESS","service":"lapaas-security","timestamp":"2025-11-30T12:27:08.902Z","twoFactorUsed":false,"userId":"user-001"}
{"email":"admin@lapaas.com","eventType":"LOGIN_SUCCESS","ip":"::1","level":"info","message":"LOGIN_SUCCESS","service":"lapaas-security","timestamp":"2025-11-30T12:27:38.111Z","twoFactorUsed":false,"userId":"user-001"}
{"email":"admin@lapaas.com","eventType":"LOGIN_SUCCESS","ip":"::1","level":"info","message":"LOGIN_SUCCESS","service":"lapaas-security","timestamp":"2025-11-30T12:27:46.754Z","twoFactorUsed":false,"userId":"user-001"}
{"email":"test@test.com","eventType":"LOGIN_FAILURE","ip":"::1","level":"warn","message":"LOGIN_FAILURE","reason":"User not found","service":"lapaas-security","timestamp":"2025-11-30T12:29:22.452Z"}
{"eventType":"PERMISSION_DENIED","ip":"::1","level":"warn","message":"PERMISSION_DENIED","method":"POST","path":"/api/v1/auth/login","service":"lapaas-security","timestamp":"2025-11-30T12:29:22.453Z"}
{"email":"bruteforce-test-1764505762463@test.com","eventType":"LOGIN_FAILURE","ip":"::1","level":"warn","message":"LOGIN_FAILURE","reason":"User not found","service":"lapaas-security","timestamp":"2025-11-30T12:29:22.463Z"}
{"eventType":"PERMISSION_DENIED","ip":"::1","level":"warn","message":"PERMISSION_DENIED","method":"POST","path":"/api/v1/auth/login","service":"lapaas-security","timestamp":"2025-11-30T12:29:22.463Z"}
{"email":"bruteforce-test-1764505762463@test.com","eventType":"LOGIN_FAILURE","ip":"::1","level":"warn","message":"LOGIN_FAILURE","reason":"User not found","service":"lapaas-security","timestamp":"2025-11-30T12:29:22.464Z"}
{"eventType":"PERMISSION_DENIED","ip":"::1","level":"warn","message":"PERMISSION_DENIED","method":"POST","path":"/api/v1/auth/login","service":"lapaas-security","timestamp":"2025-11-30T12:29:22.464Z"}
{"email":"bruteforce-test-1764505762464@test.com","eventType":"LOGIN_FAILURE","ip":"::1","level":"warn","message":"LOGIN_FAILURE","reason":"User not found","service":"lapaas-security","timestamp":"2025-11-30T12:29:22.465Z"}
{"eventType":"PERMISSION_DENIED","ip":"::1","level":"warn","message":"PERMISSION_DENIED","method":"POST","path":"/api/v1/auth/login","service":"lapaas-security","timestamp":"2025-11-30T12:29:22.465Z"}
{"email":"bruteforce-test-1764505762465@test.com","eventType":"LOGIN_FAILURE","ip":"::1","level":"warn","message":"LOGIN_FAILURE","reason":"User not found","service":"lapaas-security","timestamp":"2025-11-30T12:29:22.466Z"}
{"eventType":"PERMISSION_DENIED","ip":"::1","level":"warn","message":"PERMISSION_DENIED","method":"POST","path":"/api/v1/auth/login","service":"lapaas-security","timestamp":"2025-11-30T12:29:22.466Z"}
{"email":"test@test.com","eventType":"LOGIN_FAILURE","ip":"::1","level":"warn","message":"LOGIN_FAILURE","reason":"User not found","service":"lapaas-security","timestamp":"2025-11-30T12:32:57.862Z"}
{"eventType":"PERMISSION_DENIED","ip":"::1","level":"warn","message":"PERMISSION_DENIED","method":"POST","path":"/api/v1/auth/login","service":"lapaas-security","timestamp":"2025-11-30T12:32:57.862Z"}
{"eventType":"PERMISSION_DENIED","ip":"::1","level":"warn","message":"PERMISSION_DENIED","method":"GET","path":"/api/v1/users/me","service":"lapaas-security","timestamp":"2025-11-30T12:32:57.876Z"}
{"eventType":"PERMISSION_DENIED","ip":"::1","level":"warn","message":"PERMISSION_DENIED","method":"GET","path":"/api/v1/users/me","service":"lapaas-security","timestamp":"2025-11-30T12:32:57.877Z"}
{"eventType":"PERMISSION_DENIED","ip":"::1","level":"warn","message":"PERMISSION_DENIED","method":"GET","path":"/api/v1/users/me","service":"lapaas-security","timestamp":"2025-11-30T12:32:57.879Z"}
{"email":"bruteforce-test-1764505977879@test.com","eventType":"LOGIN_FAILURE","ip":"::1","level":"warn","message":"LOGIN_FAILURE","reason":"User not found","service":"lapaas-security","timestamp":"2025-11-30T12:32:57.880Z"}
{"eventType":"PERMISSION_DENIED","ip":"::1","level":"warn","message":"PERMISSION_DENIED","method":"POST","path":"/api/v1/auth/login","service":"lapaas-security","timestamp":"2025-11-30T12:32:57.880Z"}
{"email":"bruteforce-test-1764505977880@test.com","eventType":"LOGIN_FAILURE","ip":"::1","level":"warn","message":"LOGIN_FAILURE","reason":"User not found","service":"lapaas-security","timestamp":"2025-11-30T12:32:57.881Z"}
{"eventType":"PERMISSION_DENIED","ip":"::1","level":"warn","message":"PERMISSION_DENIED","method":"POST","path":"/api/v1/auth/login","service":"lapaas-security","timestamp":"2025-11-30T12:32:57.881Z"}
{"email":"bruteforce-test-1764505977881@test.com","eventType":"LOGIN_FAILURE","ip":"::1","level":"warn","message":"LOGIN_FAILURE","reason":"User not found","service":"lapaas-security","timestamp":"2025-11-30T12:32:57.882Z"}
{"eventType":"PERMISSION_DENIED","ip":"::1","level":"warn","message":"PERMISSION_DENIED","method":"POST","path":"/api/v1/auth/login","service":"lapaas-security","timestamp":"2025-11-30T12:32:57.882Z"}
{"email":"bruteforce-test-1764505977882@test.com","eventType":"LOGIN_FAILURE","ip":"::1","level":"warn","message":"LOGIN_FAILURE","reason":"User not found","service":"lapaas-security","timestamp":"2025-11-30T12:32:57.883Z"}
{"eventType":"PERMISSION_DENIED","ip":"::1","level":"warn","message":"PERMISSION_DENIED","method":"POST","path":"/api/v1/auth/login","service":"lapaas-security","timestamp":"2025-11-30T12:32:57.883Z"}
{"email":"admin@lapaas.com","eventType":"LOGIN_SUCCESS","ip":"::1","level":"info","message":"LOGIN_SUCCESS","service":"lapaas-security","timestamp":"2025-11-30T12:35:50.970Z","twoFactorUsed":false,"userId":"user-001"}
{"email":"admin@lapaas.com","eventType":"LOGIN_FAILURE","ip":"::1","level":"warn","message":"LOGIN_FAILURE","reason":"Invalid password","service":"lapaas-security","timestamp":"2025-11-30T12:40:03.352Z","userId":"user-001"}
{"eventType":"PERMISSION_DENIED","ip":"::1","level":"warn","message":"PERMISSION_DENIED","method":"POST","path":"/api/v1/auth/login","service":"lapaas-security","timestamp":"2025-11-30T12:40:03.352Z"}
{"email":"admin@lapaas.com","eventType":"LOGIN_SUCCESS","ip":"::1","level":"info","message":"LOGIN_SUCCESS","service":"lapaas-security","timestamp":"2025-11-30T12:40:15.174Z","twoFactorUsed":false,"userId":"user-001"}
{"email":"admin@lapaas.com","eventType":"LOGIN_SUCCESS","ip":"::1","level":"info","message":"LOGIN_SUCCESS","service":"lapaas-security","timestamp":"2025-11-30T12:43:19.204Z","twoFactorUsed":false,"userId":"user-001"}
{"email":"admin@lapaas.com","eventType":"LOGIN_SUCCESS","ip":"::1","level":"info","message":"LOGIN_SUCCESS","service":"lapaas-security","timestamp":"2025-11-30T12:47:45.721Z","twoFactorUsed":false,"userId":"user-001"}
{"email":"admin@lapaas.com","eventType":"LOGIN_SUCCESS","ip":"::1","level":"info","message":"LOGIN_SUCCESS","service":"lapaas-security","timestamp":"2025-11-30T12:58:16.588Z","twoFactorUsed":false,"userId":"user-001"}
